#
# There is insufficient memory for the Java Runtime Environment to continue.
# Native memory allocation (mmap) failed to map 60817408 bytes. Error detail: G1 virtual space
# Possible reasons:
#   The system is out of physical RAM or swap space
#   This process is running with CompressedOops enabled, and the Java Heap may be blocking the growth of the native heap
# Possible solutions:
#   Reduce memory load on the system
#   Increase physical memory or swap space
#   Check if swap backing store is full
#   Decrease Java heap size (-Xmx/-Xms)
#   Decrease number of Java threads
#   Decrease Java thread stack sizes (-Xss)
#   Set larger code cache with -XX:ReservedCodeCacheSize=
#   JVM is running with Zero Based Compressed Oops mode in which the Java heap is
#     placed in the first 32GB address space. The Java Heap base address is the
#     maximum limit for the native heap growth. Please use -XX:HeapBaseMinAddress
#     to set the Java Heap base and to place the Java Heap above 32GB virtual address.
# This output file may be truncated or incomplete.
#
#  Out of Memory Error (os_windows.cpp:3825), pid=20284, tid=21516
#
# JRE version: OpenJDK Runtime Environment (17.0.11) (build 17.0.11+0--11852314)
# Java VM: OpenJDK 64-Bit Server VM (17.0.11+0--11852314, mixed mode, tiered, compressed oops, compressed class ptrs, g1 gc, windows-amd64)
# No core dump will be written. Minidumps are not enabled by default on client versions of Windows
#

---------------  S U M M A R Y ------------

Command Line: --add-opens=java.base/java.util=ALL-UNNAMED --add-opens=java.base/java.lang=ALL-UNNAMED --add-opens=java.base/java.lang.invoke=ALL-UNNAMED --add-opens=java.prefs/java.util.prefs=ALL-UNNAMED --add-opens=java.base/java.nio.charset=ALL-UNNAMED --add-opens=java.base/java.net=ALL-UNNAMED --add-opens=java.base/java.util.concurrent.atomic=ALL-UNNAMED -Xmx3096m -Dfile.encoding=windows-1252 -Duser.country=US -Duser.language=en -Duser.variant -javaagent:C:\Users\HP\.gradle\wrapper\dists\gradle-8.7-bin\bhs2wmbdwecv87pi65oeuq5iu\gradle-8.7\lib\agents\gradle-instrumentation-agent-8.7.jar org.gradle.launcher.daemon.bootstrap.GradleDaemon 8.7

Host: 13th Gen Intel(R) Core(TM) i5-1335U, 12 cores, 15G,  Windows 11 , 64 bit Build 22621 (10.0.22621.3958)
Time: Wed Sep  4 16:07:45 2024 E. Africa Standard Time elapsed time: 17.830780 seconds (0d 0h 0m 17s)

---------------  T H R E A D  ---------------

Current thread (0x000001d4276de960):  VMThread "VM Thread" [stack: 0x0000008fe9d00000,0x0000008fe9e00000] [id=21516]

Stack: [0x0000008fe9d00000,0x0000008fe9e00000]
Native frames: (J=compiled Java code, j=interpreted, Vv=VM code, C=native code)
V  [jvm.dll+0x687bb9]
V  [jvm.dll+0x84142a]
V  [jvm.dll+0x8430ae]
V  [jvm.dll+0x843713]
V  [jvm.dll+0x24a35f]
V  [jvm.dll+0x684989]
V  [jvm.dll+0x67923a]
V  [jvm.dll+0x30af0b]
V  [jvm.dll+0x3123b6]
V  [jvm.dll+0x361dfe]
V  [jvm.dll+0x36202f]
V  [jvm.dll+0x2e0d38]
V  [jvm.dll+0x2df144]
V  [jvm.dll+0x2de74c]
V  [jvm.dll+0x32305b]
V  [jvm.dll+0x847e0b]
V  [jvm.dll+0x848b42]
V  [jvm.dll+0x84905d]
V  [jvm.dll+0x849434]
V  [jvm.dll+0x849500]
V  [jvm.dll+0x7efa4a]
V  [jvm.dll+0x686a35]
C  [ucrtbase.dll+0x29333]
C  [KERNEL32.DLL+0x1257d]
C  [ntdll.dll+0x5af28]

VM_Operation (0x0000008fedafb510): G1CollectForAllocation, mode: safepoint, requested by thread 0x000001d42f178420


---------------  P R O C E S S  ---------------

Threads class SMR info:
_java_thread_list=0x000001d42e6101f0, length=55, elements={
0x000001d40b04e960, 0x000001d4276c4210, 0x000001d4276c4fa0, 0x000001d427a9ef70,
0x000001d427adc020, 0x000001d427adeef0, 0x000001d427adf8b0, 0x000001d427ae0650,
0x000001d427ae1510, 0x000001d427ae2c50, 0x000001d427c05440, 0x000001d427d70480,
0x000001d42e06f5e0, 0x000001d42d559d40, 0x000001d42cf93420, 0x000001d42cf92f10,
0x000001d42cf924f0, 0x000001d42cf92a00, 0x000001d42cf8fc70, 0x000001d42cf90180,
0x000001d42cf90690, 0x000001d42cf910b0, 0x000001d42cf90ba0, 0x000001d42cf915c0,
0x000001d42e172090, 0x000001d42e16e3d0, 0x000001d42e16fd20, 0x000001d42e16edf0,
0x000001d42e170230, 0x000001d42e16cf90, 0x000001d42e16f300, 0x000001d42e170740,
0x000001d42e170c50, 0x000001d42e171b80, 0x000001d42e16dec0, 0x000001d42e171670,
0x000001d42e16c060, 0x000001d42e1739e0, 0x000001d42e16c570, 0x000001d42e16ca80,
0x000001d42e16d4a0, 0x000001d42e16d9b0, 0x000001d42f17b6c0, 0x000001d42f17cb00,
0x000001d42f17d010, 0x000001d42f17da30, 0x000001d42f178420, 0x000001d42f179350,
0x000001d42f179860, 0x000001d42f17e960, 0x000001d42f17ee70, 0x000001d42f177a00,
0x000001d432d6d340, 0x000001d432d6e270, 0x000001d430e50600
}

Java Threads: ( => current thread )
  0x000001d40b04e960 JavaThread "main" [_thread_blocked, id=8004, stack(0x0000008fe9700000,0x0000008fe9800000)]
  0x000001d4276c4210 JavaThread "Reference Handler" daemon [_thread_blocked, id=27360, stack(0x0000008fe9e00000,0x0000008fe9f00000)]
  0x000001d4276c4fa0 JavaThread "Finalizer" daemon [_thread_blocked, id=16652, stack(0x0000008fe9f00000,0x0000008fea000000)]
  0x000001d427a9ef70 JavaThread "Signal Dispatcher" daemon [_thread_blocked, id=2764, stack(0x0000008fea000000,0x0000008fea100000)]
  0x000001d427adc020 JavaThread "Attach Listener" daemon [_thread_blocked, id=16200, stack(0x0000008fea100000,0x0000008fea200000)]
  0x000001d427adeef0 JavaThread "Service Thread" daemon [_thread_blocked, id=7316, stack(0x0000008fea200000,0x0000008fea300000)]
  0x000001d427adf8b0 JavaThread "Monitor Deflation Thread" daemon [_thread_blocked, id=14856, stack(0x0000008fea300000,0x0000008fea400000)]
  0x000001d427ae0650 JavaThread "C2 CompilerThread0" daemon [_thread_blocked, id=21748, stack(0x0000008fea400000,0x0000008fea500000)]
  0x000001d427ae1510 JavaThread "C1 CompilerThread0" daemon [_thread_blocked, id=5972, stack(0x0000008fea500000,0x0000008fea600000)]
  0x000001d427ae2c50 JavaThread "Sweeper thread" daemon [_thread_blocked, id=7360, stack(0x0000008fea600000,0x0000008fea700000)]
  0x000001d427c05440 JavaThread "Common-Cleaner" daemon [_thread_blocked, id=21172, stack(0x0000008fea700000,0x0000008fea800000)]
  0x000001d427d70480 JavaThread "Notification Thread" daemon [_thread_blocked, id=16900, stack(0x0000008fea800000,0x0000008fea900000)]
  0x000001d42e06f5e0 JavaThread "Daemon health stats" [_thread_blocked, id=20304, stack(0x0000008feb100000,0x0000008feb200000)]
  0x000001d42d559d40 JavaThread "Incoming local TCP Connector on port 63561" [_thread_in_native, id=30524, stack(0x0000008feab00000,0x0000008feac00000)]
  0x000001d42cf93420 JavaThread "Daemon periodic checks" [_thread_blocked, id=24352, stack(0x0000008feb200000,0x0000008feb300000)]
  0x000001d42cf92f10 JavaThread "Daemon" [_thread_blocked, id=9340, stack(0x0000008feb300000,0x0000008feb400000)]
  0x000001d42cf924f0 JavaThread "Handler for socket connection from /127.0.0.1:63561 to /127.0.0.1:63562" [_thread_in_native, id=14772, stack(0x0000008feb400000,0x0000008feb500000)]
  0x000001d42cf92a00 JavaThread "Cancel handler" [_thread_blocked, id=21472, stack(0x0000008feb500000,0x0000008feb600000)]
  0x000001d42cf8fc70 JavaThread "Daemon worker" [_thread_blocked, id=15560, stack(0x0000008feb600000,0x0000008feb700000)]
  0x000001d42cf90180 JavaThread "Asynchronous log dispatcher for DefaultDaemonConnection: socket connection from /127.0.0.1:63561 to /127.0.0.1:63562" [_thread_blocked, id=1472, stack(0x0000008feb700000,0x0000008feb800000)]
  0x000001d42cf90690 JavaThread "Stdin handler" [_thread_blocked, id=16508, stack(0x0000008feb800000,0x0000008feb900000)]
  0x000001d42cf910b0 JavaThread "Daemon client event forwarder" [_thread_blocked, id=14724, stack(0x0000008feb900000,0x0000008feba00000)]
  0x000001d42cf90ba0 JavaThread "Cache worker for journal cache (C:\Users\HP\.gradle\caches\journal-1)" [_thread_blocked, id=13892, stack(0x0000008fec000000,0x0000008fec100000)]
  0x000001d42cf915c0 JavaThread "File lock request listener" [_thread_in_native, id=29576, stack(0x0000008fec100000,0x0000008fec200000)]
  0x000001d42e172090 JavaThread "Cache worker for file hash cache (C:\Users\HP\.gradle\caches\8.7\fileHashes)" [_thread_blocked, id=20084, stack(0x0000008fec200000,0x0000008fec300000)]
  0x000001d42e16e3d0 JavaThread "Cache worker for file hash cache (C:\Users\HP\Documents\Code\PP-OCR\.gradle\8.7\fileHashes)" [_thread_blocked, id=18112, stack(0x0000008fec400000,0x0000008fec500000)]
  0x000001d42e16fd20 JavaThread "File watcher server" daemon [_thread_in_native, id=19040, stack(0x0000008fec500000,0x0000008fec600000)]
  0x000001d42e16edf0 JavaThread "File watcher consumer" daemon [_thread_blocked, id=8488, stack(0x0000008fec600000,0x0000008fec700000)]
  0x000001d42e170230 JavaThread "jar transforms" [_thread_blocked, id=15304, stack(0x0000008feaa00000,0x0000008feab00000)]
  0x000001d42e16cf90 JavaThread "jar transforms Thread 2" [_thread_blocked, id=16992, stack(0x0000008fec300000,0x0000008fec400000)]
  0x000001d42e16f300 JavaThread "jar transforms Thread 3" [_thread_blocked, id=19412, stack(0x0000008fec700000,0x0000008fec800000)]
  0x000001d42e170740 JavaThread "jar transforms Thread 4" [_thread_blocked, id=26088, stack(0x0000008fec800000,0x0000008fec900000)]
  0x000001d42e170c50 JavaThread "jar transforms Thread 5" [_thread_blocked, id=27900, stack(0x0000008fec900000,0x0000008feca00000)]
  0x000001d42e171b80 JavaThread "jar transforms Thread 6" [_thread_blocked, id=28528, stack(0x0000008feca00000,0x0000008fecb00000)]
  0x000001d42e16dec0 JavaThread "jar transforms Thread 7" [_thread_blocked, id=5216, stack(0x0000008fecb00000,0x0000008fecc00000)]
  0x000001d42e171670 JavaThread "jar transforms Thread 8" [_thread_blocked, id=25872, stack(0x0000008fecc00000,0x0000008fecd00000)]
  0x000001d42e16c060 JavaThread "jar transforms Thread 9" [_thread_blocked, id=3600, stack(0x0000008fecd00000,0x0000008fece00000)]
  0x000001d42e1739e0 JavaThread "jar transforms Thread 10" [_thread_blocked, id=20204, stack(0x0000008fece00000,0x0000008fecf00000)]
  0x000001d42e16c570 JavaThread "jar transforms Thread 11" [_thread_blocked, id=25768, stack(0x0000008fecf00000,0x0000008fed000000)]
  0x000001d42e16ca80 JavaThread "jar transforms Thread 12" [_thread_blocked, id=5724, stack(0x0000008fed000000,0x0000008fed100000)]
  0x000001d42e16d4a0 JavaThread "Cache worker for checksums cache (C:\Users\HP\Documents\Code\PP-OCR\.gradle\8.7\checksums)" [_thread_blocked, id=4604, stack(0x0000008fed200000,0x0000008fed300000)]
  0x000001d42e16d9b0 JavaThread "Cache worker for cache directory md-supplier (C:\Users\HP\.gradle\caches\8.7\md-supplier)" [_thread_blocked, id=7684, stack(0x0000008fed400000,0x0000008fed500000)]
  0x000001d42f17b6c0 JavaThread "Cache worker for cache directory md-rule (C:\Users\HP\.gradle\caches\8.7\md-rule)" [_thread_blocked, id=16320, stack(0x0000008fed500000,0x0000008fed600000)]
  0x000001d42f17cb00 JavaThread "Cache worker for file content cache (C:\Users\HP\.gradle\caches\8.7\fileContent)" [_thread_blocked, id=18500, stack(0x0000008fed600000,0x0000008fed700000)]
  0x000001d42f17d010 JavaThread "Unconstrained build operations" [_thread_blocked, id=23120, stack(0x0000008fed800000,0x0000008fed900000)]
  0x000001d42f17da30 JavaThread "Unconstrained build operations Thread 2" [_thread_blocked, id=20464, stack(0x0000008fed900000,0x0000008feda00000)]
  0x000001d42f178420 JavaThread "Unconstrained build operations Thread 3" [_thread_blocked, id=5012, stack(0x0000008feda00000,0x0000008fedb00000)]
  0x000001d42f179350 JavaThread "Unconstrained build operations Thread 4" [_thread_blocked, id=27148, stack(0x0000008fedb00000,0x0000008fedc00000)]
  0x000001d42f179860 JavaThread "Unconstrained build operations Thread 5" [_thread_blocked, id=29616, stack(0x0000008fedc00000,0x0000008fedd00000)]
  0x000001d42f17e960 JavaThread "Unconstrained build operations Thread 6" [_thread_blocked, id=10764, stack(0x0000008fedd00000,0x0000008fede00000)]
  0x000001d42f17ee70 JavaThread "Unconstrained build operations Thread 7" [_thread_blocked, id=18092, stack(0x0000008fede00000,0x0000008fedf00000)]
  0x000001d42f177a00 JavaThread "Unconstrained build operations Thread 8" [_thread_blocked, id=27936, stack(0x0000008fedf00000,0x0000008fee000000)]
  0x000001d432d6d340 JavaThread "Unconstrained build operations Thread 9" [_thread_blocked, id=3892, stack(0x0000008fee000000,0x0000008fee100000)]
  0x000001d432d6e270 JavaThread "Unconstrained build operations Thread 10" [_thread_blocked, id=19648, stack(0x0000008fee100000,0x0000008fee200000)]
  0x000001d430e50600 JavaThread "C2 CompilerThread1" daemon [_thread_blocked, id=24664, stack(0x0000008fed100000,0x0000008fed200000)]

Other Threads:
=>0x000001d4276de960 VMThread "VM Thread" [stack: 0x0000008fe9d00000,0x0000008fe9e00000] [id=21516]
  0x000001d427d70960 WatcherThread [stack: 0x0000008fea900000,0x0000008feaa00000] [id=16036]
  0x000001d40b0aab90 GCTaskThread "GC Thread#0" [stack: 0x0000008fe9800000,0x0000008fe9900000] [id=25368]
  0x000001d42cba3e50 GCTaskThread "GC Thread#1" [stack: 0x0000008feac00000,0x0000008fead00000] [id=16228]
  0x000001d42cbc2340 GCTaskThread "GC Thread#2" [stack: 0x0000008fead00000,0x0000008feae00000] [id=5896]
  0x000001d42cff8f20 GCTaskThread "GC Thread#3" [stack: 0x0000008feae00000,0x0000008feaf00000] [id=10716]
  0x000001d42cff91e0 GCTaskThread "GC Thread#4" [stack: 0x0000008feaf00000,0x0000008feb000000] [id=7664]
  0x000001d42cff94a0 GCTaskThread "GC Thread#5" [stack: 0x0000008feb000000,0x0000008feb100000] [id=11212]
  0x000001d42e875960 GCTaskThread "GC Thread#6" [stack: 0x0000008feba00000,0x0000008febb00000] [id=6116]
  0x000001d42e4ba9f0 GCTaskThread "GC Thread#7" [stack: 0x0000008febb00000,0x0000008febc00000] [id=28892]
  0x000001d42e6b9840 GCTaskThread "GC Thread#8" [stack: 0x0000008febc00000,0x0000008febd00000] [id=19872]
  0x000001d42e5ac030 GCTaskThread "GC Thread#9" [stack: 0x0000008febd00000,0x0000008febe00000] [id=27772]
  0x000001d40b0b7c60 ConcurrentGCThread "G1 Main Marker" [stack: 0x0000008fe9900000,0x0000008fe9a00000] [id=19260]
  0x000001d40b0b8680 ConcurrentGCThread "G1 Conc#0" [stack: 0x0000008fe9a00000,0x0000008fe9b00000] [id=12808]
  0x000001d42e5ac2f0 ConcurrentGCThread "G1 Conc#1" [stack: 0x0000008febe00000,0x0000008febf00000] [id=29908]
  0x000001d42d5ddab0 ConcurrentGCThread "G1 Conc#2" [stack: 0x0000008febf00000,0x0000008fec000000] [id=17372]
  0x000001d4275b3700 ConcurrentGCThread "G1 Refine#0" [stack: 0x0000008fe9b00000,0x0000008fe9c00000] [id=23116]
  0x000001d42e89ec40 ConcurrentGCThread "G1 Refine#1" [stack: 0x0000008fed300000,0x0000008fed400000] [id=12732]
  0x000001d40b0fe4d0 ConcurrentGCThread "G1 Service" [stack: 0x0000008fe9c00000,0x0000008fe9d00000] [id=25672]

Threads with active compile tasks:

VM state: at safepoint (normal execution)

VM Mutex/Monitor currently owned by a thread:  ([mutex/lock_event])
[0x000001d40b04abe0] Threads_lock - owner thread: 0x000001d4276de960
[0x000001d40b04a2e0] Heap_lock - owner thread: 0x000001d42f178420

Heap address: 0x000000073e800000, size: 3096 MB, Compressed Oops mode: Zero based, Oop shift amount: 3

CDS archive(s) not mapped
Compressed class space mapped at: 0x0000000800000000-0x0000000840000000, reserved size: 1073741824
Narrow klass base: 0x0000000800000000, Narrow klass shift: 0, Narrow klass range: 0x40000000

GC Precious Log:
 CPUs: 12 total, 12 available
 Memory: 16016M
 Large Page Support: Disabled
 NUMA Support: Disabled
 Compressed Oops: Enabled (Zero based)
 Heap Region Size: 2M
 Heap Min Capacity: 8M
 Heap Initial Capacity: 252M
 Heap Max Capacity: 3096M
 Pre-touch: Disabled
 Parallel Workers: 10
 Concurrent Workers: 3
 Concurrent Refinement Workers: 10
 Periodic GC: Disabled

Heap:
 garbage-first heap   total 290816K, used 79826K [0x000000073e800000, 0x0000000800000000)
  region size 2048K, 7 young (14336K), 7 survivors (14336K)
 Metaspace       used 57974K, committed 58496K, reserved 1114112K
  class space    used 7811K, committed 8064K, reserved 1048576K

Heap Regions: E=young(eden), S=young(survivor), O=old, HS=humongous(starts), HC=humongous(continues), CS=collection set, F=free, OA=open archive, CA=closed archive, TAMS=top-at-mark-start (previous, next)
|   0|0x000000073e800000, 0x000000073ea00000, 0x000000073ea00000|100%|HS|  |TAMS 0x000000073ea00000, 0x000000073e800000| Complete 
|   1|0x000000073ea00000, 0x000000073ec00000, 0x000000073ec00000|100%|HC|  |TAMS 0x000000073ec00000, 0x000000073ea00000| Complete 
|   2|0x000000073ec00000, 0x000000073ee00000, 0x000000073ee00000|100%| O|  |TAMS 0x000000073ee00000, 0x000000073ec00000| Untracked 
|   3|0x000000073ee00000, 0x000000073f000000, 0x000000073f000000|100%| O|  |TAMS 0x000000073f000000, 0x000000073ee00000| Untracked 
|   4|0x000000073f000000, 0x000000073f1fba00, 0x000000073f200000| 99%| O|  |TAMS 0x000000073f1fba00, 0x000000073f000000| Untracked 
|   5|0x000000073f200000, 0x000000073f400000, 0x000000073f400000|100%| O|  |TAMS 0x000000073f400000, 0x000000073f200000| Untracked 
|   6|0x000000073f400000, 0x000000073f600000, 0x000000073f600000|100%|HS|  |TAMS 0x000000073f600000, 0x000000073f400000| Complete 
|   7|0x000000073f600000, 0x000000073f800000, 0x000000073f800000|100%|HC|  |TAMS 0x000000073f800000, 0x000000073f600000| Complete 
|   8|0x000000073f800000, 0x000000073fa00000, 0x000000073fa00000|100%|HC|  |TAMS 0x000000073fa00000, 0x000000073f800000| Complete 
|   9|0x000000073fa00000, 0x000000073fc00000, 0x000000073fc00000|100%|HS|  |TAMS 0x000000073fc00000, 0x000000073fa00000| Complete 
|  10|0x000000073fc00000, 0x000000073fe00000, 0x000000073fe00000|100%|HC|  |TAMS 0x000000073fe00000, 0x000000073fc00000| Complete 
|  11|0x000000073fe00000, 0x0000000740000000, 0x0000000740000000|100%| O|  |TAMS 0x000000073ff59a00, 0x000000073fe00000| Untracked 
|  12|0x0000000740000000, 0x0000000740200000, 0x0000000740200000|100%| O|  |TAMS 0x0000000740200000, 0x0000000740000000| Untracked 
|  13|0x0000000740200000, 0x0000000740400000, 0x0000000740400000|100%| O|  |TAMS 0x0000000740400000, 0x0000000740200000| Untracked 
|  14|0x0000000740400000, 0x0000000740600000, 0x0000000740600000|100%| O|  |TAMS 0x0000000740600000, 0x0000000740400000| Untracked 
|  15|0x0000000740600000, 0x0000000740800000, 0x0000000740800000|100%| O|  |TAMS 0x0000000740800000, 0x0000000740600000| Untracked 
|  16|0x0000000740800000, 0x0000000740a00000, 0x0000000740a00000|100%|HS|  |TAMS 0x0000000740a00000, 0x0000000740800000| Complete 
|  17|0x0000000740a00000, 0x0000000740c00000, 0x0000000740c00000|100%|HC|  |TAMS 0x0000000740c00000, 0x0000000740a00000| Complete 
|  18|0x0000000740c00000, 0x0000000740e00000, 0x0000000740e00000|100%| O|  |TAMS 0x0000000740e00000, 0x0000000740c00000| Untracked 
|  19|0x0000000740e00000, 0x0000000741000000, 0x0000000741000000|100%| O|  |TAMS 0x0000000740e00000, 0x0000000740e00000| Untracked 
|  20|0x0000000741000000, 0x0000000741200000, 0x0000000741200000|100%| O|  |TAMS 0x0000000741200000, 0x0000000741000000| Untracked 
|  21|0x0000000741200000, 0x0000000741400000, 0x0000000741400000|100%| O|  |TAMS 0x0000000741400000, 0x0000000741200000| Untracked 
|  22|0x0000000741400000, 0x0000000741600000, 0x0000000741600000|100%| O|  |TAMS 0x0000000741400000, 0x0000000741400000| Untracked 
|  23|0x0000000741600000, 0x0000000741800000, 0x0000000741800000|100%| O|  |TAMS 0x0000000741800000, 0x0000000741600000| Untracked 
|  24|0x0000000741800000, 0x0000000741a00000, 0x0000000741a00000|100%| O|  |TAMS 0x0000000741800000, 0x0000000741800000| Untracked 
|  25|0x0000000741a00000, 0x0000000741b94c00, 0x0000000741c00000| 79%| O|  |TAMS 0x0000000741a00000, 0x0000000741a00000| Untracked 
|  26|0x0000000741c00000, 0x0000000741c00000, 0x0000000741e00000|  0%| F|  |TAMS 0x0000000741c00000, 0x0000000741c00000| Untracked 
|  27|0x0000000741e00000, 0x0000000742000000, 0x0000000742000000|100%| O|  |TAMS 0x0000000741e00000, 0x0000000741e00000| Untracked 
|  28|0x0000000742000000, 0x0000000742200000, 0x0000000742200000|100%| O|  |TAMS 0x0000000742000000, 0x0000000742000000| Untracked 
|  29|0x0000000742200000, 0x0000000742400000, 0x0000000742400000|100%|HS|  |TAMS 0x0000000742200000, 0x0000000742200000| Complete 
|  30|0x0000000742400000, 0x0000000742600000, 0x0000000742600000|100%|HC|  |TAMS 0x0000000742400000, 0x0000000742400000| Complete 
|  31|0x0000000742600000, 0x0000000742800000, 0x0000000742800000|100%|HS|  |TAMS 0x0000000742600000, 0x0000000742600000| Complete 
|  32|0x0000000742800000, 0x0000000742a00000, 0x0000000742a00000|100%|HC|  |TAMS 0x0000000742800000, 0x0000000742800000| Complete 
|  33|0x0000000742a00000, 0x0000000742c00000, 0x0000000742c00000|100%|HC|  |TAMS 0x0000000742a00000, 0x0000000742a00000| Complete 
|  34|0x0000000742c00000, 0x0000000742c00000, 0x0000000742e00000|  0%| F|  |TAMS 0x0000000742c00000, 0x0000000742c00000| Untracked 
|  35|0x0000000742e00000, 0x0000000742e00000, 0x0000000743000000|  0%| F|  |TAMS 0x0000000742e00000, 0x0000000742e00000| Untracked 
|  36|0x0000000743000000, 0x0000000743000000, 0x0000000743200000|  0%| F|  |TAMS 0x0000000743000000, 0x0000000743000000| Untracked 
|  37|0x0000000743200000, 0x0000000743200000, 0x0000000743400000|  0%| F|  |TAMS 0x0000000743200000, 0x0000000743200000| Untracked 
|  38|0x0000000743400000, 0x0000000743400000, 0x0000000743600000|  0%| F|  |TAMS 0x0000000743400000, 0x0000000743400000| Untracked 
|  39|0x0000000743600000, 0x0000000743600000, 0x0000000743800000|  0%| F|  |TAMS 0x0000000743600000, 0x0000000743600000| Untracked 
|  40|0x0000000743800000, 0x0000000743800000, 0x0000000743a00000|  0%| F|  |TAMS 0x0000000743800000, 0x0000000743800000| Untracked 
|  41|0x0000000743a00000, 0x0000000743a00000, 0x0000000743c00000|  0%| F|  |TAMS 0x0000000743a00000, 0x0000000743a00000| Untracked 
|  42|0x0000000743c00000, 0x0000000743c00000, 0x0000000743e00000|  0%| F|  |TAMS 0x0000000743c00000, 0x0000000743c00000| Untracked 
|  43|0x0000000743e00000, 0x0000000743e00000, 0x0000000744000000|  0%| F|  |TAMS 0x0000000743e00000, 0x0000000743e00000| Untracked 
|  44|0x0000000744000000, 0x0000000744000000, 0x0000000744200000|  0%| F|  |TAMS 0x0000000744000000, 0x0000000744000000| Untracked 
|  45|0x0000000744200000, 0x0000000744200000, 0x0000000744400000|  0%| F|  |TAMS 0x0000000744200000, 0x0000000744200000| Untracked 
|  46|0x0000000744400000, 0x0000000744400000, 0x0000000744600000|  0%| F|  |TAMS 0x0000000744400000, 0x0000000744400000| Untracked 
|  47|0x0000000744600000, 0x0000000744600000, 0x0000000744800000|  0%| F|  |TAMS 0x0000000744600000, 0x0000000744600000| Untracked 
|  48|0x0000000744800000, 0x0000000744800000, 0x0000000744a00000|  0%| F|  |TAMS 0x0000000744800000, 0x0000000744800000| Untracked 
|  49|0x0000000744a00000, 0x0000000744a00000, 0x0000000744c00000|  0%| F|  |TAMS 0x0000000744a00000, 0x0000000744a00000| Untracked 
|  50|0x0000000744c00000, 0x0000000744c64270, 0x0000000744e00000| 19%| S|CS|TAMS 0x0000000744c00000, 0x0000000744c00000| Complete 
|  51|0x0000000744e00000, 0x0000000745000000, 0x0000000745000000|100%| S|CS|TAMS 0x0000000744e00000, 0x0000000744e00000| Complete 
|  52|0x0000000745000000, 0x0000000745200000, 0x0000000745200000|100%| S|CS|TAMS 0x0000000745000000, 0x0000000745000000| Complete 
|  53|0x0000000745200000, 0x0000000745400000, 0x0000000745400000|100%| S|CS|TAMS 0x0000000745200000, 0x0000000745200000| Complete 
|  54|0x0000000745400000, 0x0000000745600000, 0x0000000745600000|100%| S|CS|TAMS 0x0000000745400000, 0x0000000745400000| Complete 
|  55|0x0000000745600000, 0x0000000745800000, 0x0000000745800000|100%| S|CS|TAMS 0x0000000745600000, 0x0000000745600000| Complete 
|  56|0x0000000745800000, 0x0000000745a00000, 0x0000000745a00000|100%| S|CS|TAMS 0x0000000745800000, 0x0000000745800000| Complete 
|  57|0x0000000745a00000, 0x0000000745a00000, 0x0000000745c00000|  0%| F|  |TAMS 0x0000000745a00000, 0x0000000745a00000| Untracked 
|  58|0x0000000745c00000, 0x0000000745c00000, 0x0000000745e00000|  0%| F|  |TAMS 0x0000000745c00000, 0x0000000745c00000| Untracked 
|  59|0x0000000745e00000, 0x0000000745e00000, 0x0000000746000000|  0%| F|  |TAMS 0x0000000745e00000, 0x0000000745e00000| Untracked 
|  60|0x0000000746000000, 0x0000000746000000, 0x0000000746200000|  0%| F|  |TAMS 0x0000000746000000, 0x0000000746000000| Untracked 
|  61|0x0000000746200000, 0x0000000746200000, 0x0000000746400000|  0%| F|  |TAMS 0x0000000746200000, 0x0000000746200000| Untracked 
|  62|0x0000000746400000, 0x0000000746400000, 0x0000000746600000|  0%| F|  |TAMS 0x0000000746400000, 0x0000000746400000| Untracked 
|  63|0x0000000746600000, 0x0000000746600000, 0x0000000746800000|  0%| F|  |TAMS 0x0000000746600000, 0x0000000746600000| Untracked 
|  64|0x0000000746800000, 0x0000000746800000, 0x0000000746a00000|  0%| F|  |TAMS 0x0000000746800000, 0x0000000746800000| Untracked 
|  65|0x0000000746a00000, 0x0000000746a00000, 0x0000000746c00000|  0%| F|  |TAMS 0x0000000746a00000, 0x0000000746a00000| Untracked 
|  66|0x0000000746c00000, 0x0000000746c00000, 0x0000000746e00000|  0%| F|  |TAMS 0x0000000746c00000, 0x0000000746c00000| Untracked 
|  67|0x0000000746e00000, 0x0000000746e00000, 0x0000000747000000|  0%| F|  |TAMS 0x0000000746e00000, 0x0000000746e00000| Untracked 
|  68|0x0000000747000000, 0x0000000747000000, 0x0000000747200000|  0%| F|  |TAMS 0x0000000747000000, 0x0000000747000000| Untracked 
|  69|0x0000000747200000, 0x0000000747200000, 0x0000000747400000|  0%| F|  |TAMS 0x0000000747200000, 0x0000000747200000| Untracked 
|  70|0x0000000747400000, 0x0000000747400000, 0x0000000747600000|  0%| F|  |TAMS 0x0000000747400000, 0x0000000747400000| Untracked 
|  71|0x0000000747600000, 0x0000000747600000, 0x0000000747800000|  0%| F|  |TAMS 0x0000000747600000, 0x0000000747600000| Untracked 
|  72|0x0000000747800000, 0x0000000747800000, 0x0000000747a00000|  0%| F|  |TAMS 0x0000000747800000, 0x0000000747800000| Untracked 
|  73|0x0000000747a00000, 0x0000000747a00000, 0x0000000747c00000|  0%| F|  |TAMS 0x0000000747a00000, 0x0000000747a00000| Untracked 
|  74|0x0000000747c00000, 0x0000000747c00000, 0x0000000747e00000|  0%| F|  |TAMS 0x0000000747c00000, 0x0000000747c00000| Untracked 
|  75|0x0000000747e00000, 0x0000000747e00000, 0x0000000748000000|  0%| F|  |TAMS 0x0000000747e00000, 0x0000000747e00000| Untracked 
|  76|0x0000000748000000, 0x0000000748000000, 0x0000000748200000|  0%| F|  |TAMS 0x0000000748000000, 0x0000000748000000| Untracked 
|  77|0x0000000748200000, 0x0000000748200000, 0x0000000748400000|  0%| F|  |TAMS 0x0000000748200000, 0x0000000748200000| Untracked 
|  78|0x0000000748400000, 0x0000000748400000, 0x0000000748600000|  0%| F|  |TAMS 0x0000000748400000, 0x0000000748400000| Untracked 
|  79|0x0000000748600000, 0x0000000748600000, 0x0000000748800000|  0%| F|  |TAMS 0x0000000748600000, 0x0000000748600000| Untracked 
|  80|0x0000000748800000, 0x0000000748800000, 0x0000000748a00000|  0%| F|  |TAMS 0x0000000748800000, 0x0000000748800000| Untracked 
|  81|0x0000000748a00000, 0x0000000748a00000, 0x0000000748c00000|  0%| F|  |TAMS 0x0000000748a00000, 0x0000000748a00000| Untracked 
|  82|0x0000000748c00000, 0x0000000748c00000, 0x0000000748e00000|  0%| F|  |TAMS 0x0000000748c00000, 0x0000000748c00000| Untracked 
|  83|0x0000000748e00000, 0x0000000748e00000, 0x0000000749000000|  0%| F|  |TAMS 0x0000000748e00000, 0x0000000748e00000| Untracked 
|  84|0x0000000749000000, 0x0000000749000000, 0x0000000749200000|  0%| F|  |TAMS 0x0000000749000000, 0x0000000749000000| Untracked 
|  85|0x0000000749200000, 0x0000000749200000, 0x0000000749400000|  0%| F|  |TAMS 0x0000000749200000, 0x0000000749200000| Untracked 
|  86|0x0000000749400000, 0x0000000749400000, 0x0000000749600000|  0%| F|  |TAMS 0x0000000749400000, 0x0000000749400000| Untracked 
|  87|0x0000000749600000, 0x0000000749600000, 0x0000000749800000|  0%| F|  |TAMS 0x0000000749600000, 0x0000000749600000| Untracked 
|  88|0x0000000749800000, 0x0000000749800000, 0x0000000749a00000|  0%| F|  |TAMS 0x0000000749800000, 0x0000000749800000| Untracked 
|  89|0x0000000749a00000, 0x0000000749a00000, 0x0000000749c00000|  0%| F|  |TAMS 0x0000000749a00000, 0x0000000749a00000| Untracked 
|  90|0x0000000749c00000, 0x0000000749c00000, 0x0000000749e00000|  0%| F|  |TAMS 0x0000000749c00000, 0x0000000749c00000| Untracked 
|  91|0x0000000749e00000, 0x0000000749e00000, 0x000000074a000000|  0%| F|  |TAMS 0x0000000749e00000, 0x0000000749e00000| Untracked 
|  92|0x000000074a000000, 0x000000074a000000, 0x000000074a200000|  0%| F|  |TAMS 0x000000074a000000, 0x000000074a000000| Untracked 
|  93|0x000000074a200000, 0x000000074a200000, 0x000000074a400000|  0%| F|  |TAMS 0x000000074a200000, 0x000000074a200000| Untracked 
|  94|0x000000074a400000, 0x000000074a400000, 0x000000074a600000|  0%| F|  |TAMS 0x000000074a400000, 0x000000074a400000| Untracked 
|  95|0x000000074a600000, 0x000000074a600000, 0x000000074a800000|  0%| F|  |TAMS 0x000000074a600000, 0x000000074a600000| Untracked 
|  96|0x000000074a800000, 0x000000074a800000, 0x000000074aa00000|  0%| F|  |TAMS 0x000000074a800000, 0x000000074a800000| Untracked 
|  97|0x000000074aa00000, 0x000000074aa00000, 0x000000074ac00000|  0%| F|  |TAMS 0x000000074aa00000, 0x000000074aa00000| Untracked 
|  98|0x000000074ac00000, 0x000000074ac00000, 0x000000074ae00000|  0%| F|  |TAMS 0x000000074ac00000, 0x000000074ac00000| Untracked 
|  99|0x000000074ae00000, 0x000000074ae00000, 0x000000074b000000|  0%| F|  |TAMS 0x000000074ae00000, 0x000000074ae00000| Untracked 
| 100|0x000000074b000000, 0x000000074b000000, 0x000000074b200000|  0%| F|  |TAMS 0x000000074b000000, 0x000000074b000000| Untracked 
| 101|0x000000074b200000, 0x000000074b200000, 0x000000074b400000|  0%| F|  |TAMS 0x000000074b200000, 0x000000074b200000| Untracked 
| 102|0x000000074b400000, 0x000000074b400000, 0x000000074b600000|  0%| F|  |TAMS 0x000000074b400000, 0x000000074b400000| Untracked 
| 103|0x000000074b600000, 0x000000074b600000, 0x000000074b800000|  0%| F|  |TAMS 0x000000074b600000, 0x000000074b600000| Untracked 
| 104|0x000000074b800000, 0x000000074b800000, 0x000000074ba00000|  0%| F|  |TAMS 0x000000074b800000, 0x000000074b800000| Untracked 
| 105|0x000000074ba00000, 0x000000074ba00000, 0x000000074bc00000|  0%| F|  |TAMS 0x000000074ba00000, 0x000000074ba00000| Untracked 
| 106|0x000000074bc00000, 0x000000074bc00000, 0x000000074be00000|  0%| F|  |TAMS 0x000000074bc00000, 0x000000074bc00000| Untracked 
| 107|0x000000074be00000, 0x000000074be00000, 0x000000074c000000|  0%| F|  |TAMS 0x000000074be00000, 0x000000074be00000| Untracked 
| 108|0x000000074c000000, 0x000000074c000000, 0x000000074c200000|  0%| F|  |TAMS 0x000000074c000000, 0x000000074c000000| Untracked 
| 109|0x000000074c200000, 0x000000074c200000, 0x000000074c400000|  0%| F|  |TAMS 0x000000074c200000, 0x000000074c200000| Untracked 
| 110|0x000000074c400000, 0x000000074c400000, 0x000000074c600000|  0%| F|  |TAMS 0x000000074c400000, 0x000000074c400000| Untracked 
| 111|0x000000074c600000, 0x000000074c600000, 0x000000074c800000|  0%| F|  |TAMS 0x000000074c600000, 0x000000074c600000| Untracked 
| 112|0x000000074c800000, 0x000000074c800000, 0x000000074ca00000|  0%| F|  |TAMS 0x000000074c800000, 0x000000074c800000| Untracked 
| 113|0x000000074ca00000, 0x000000074ca00000, 0x000000074cc00000|  0%| F|  |TAMS 0x000000074ca00000, 0x000000074ca00000| Untracked 
| 114|0x000000074cc00000, 0x000000074cc00000, 0x000000074ce00000|  0%| F|  |TAMS 0x000000074cc00000, 0x000000074cc00000| Untracked 
| 115|0x000000074ce00000, 0x000000074ce00000, 0x000000074d000000|  0%| F|  |TAMS 0x000000074ce00000, 0x000000074ce00000| Untracked 
| 116|0x000000074d000000, 0x000000074d000000, 0x000000074d200000|  0%| F|  |TAMS 0x000000074d000000, 0x000000074d000000| Untracked 
| 117|0x000000074d200000, 0x000000074d200000, 0x000000074d400000|  0%| F|  |TAMS 0x000000074d200000, 0x000000074d200000| Untracked 
| 118|0x000000074d400000, 0x000000074d400000, 0x000000074d600000|  0%| F|  |TAMS 0x000000074d400000, 0x000000074d400000| Untracked 
| 119|0x000000074d600000, 0x000000074d600000, 0x000000074d800000|  0%| F|  |TAMS 0x000000074d600000, 0x000000074d600000| Untracked 
| 120|0x000000074d800000, 0x000000074d800000, 0x000000074da00000|  0%| F|  |TAMS 0x000000074d800000, 0x000000074d800000| Untracked 
| 121|0x000000074da00000, 0x000000074da00000, 0x000000074dc00000|  0%| F|  |TAMS 0x000000074da00000, 0x000000074da00000| Untracked 
| 122|0x000000074dc00000, 0x000000074dc00000, 0x000000074de00000|  0%| F|  |TAMS 0x000000074dc00000, 0x000000074dc00000| Untracked 
| 123|0x000000074de00000, 0x000000074de00000, 0x000000074e000000|  0%| F|  |TAMS 0x000000074de00000, 0x000000074de00000| Untracked 
| 124|0x000000074e000000, 0x000000074e000000, 0x000000074e200000|  0%| F|  |TAMS 0x000000074e000000, 0x000000074e000000| Untracked 
| 125|0x000000074e200000, 0x000000074e200000, 0x000000074e400000|  0%| F|  |TAMS 0x000000074e200000, 0x000000074e200000| Untracked 
| 126|0x000000074e400000, 0x000000074e400000, 0x000000074e600000|  0%| F|  |TAMS 0x000000074e400000, 0x000000074e400000| Untracked 
| 127|0x000000074e600000, 0x000000074e600000, 0x000000074e800000|  0%| F|  |TAMS 0x000000074e600000, 0x000000074e600000| Untracked 
| 128|0x000000074e800000, 0x000000074e800000, 0x000000074ea00000|  0%| F|  |TAMS 0x000000074e800000, 0x000000074e800000| Untracked 
| 129|0x000000074ea00000, 0x000000074ea00000, 0x000000074ec00000|  0%| F|  |TAMS 0x000000074ea00000, 0x000000074ea00000| Untracked 
| 130|0x000000074ec00000, 0x000000074ec00000, 0x000000074ee00000|  0%| F|  |TAMS 0x000000074ec00000, 0x000000074ec00000| Untracked 
| 131|0x000000074ee00000, 0x000000074ee00000, 0x000000074f000000|  0%| F|  |TAMS 0x000000074ee00000, 0x000000074ee00000| Untracked 
| 132|0x000000074f000000, 0x000000074f000000, 0x000000074f200000|  0%| F|  |TAMS 0x000000074f000000, 0x000000074f000000| Untracked 
| 133|0x000000074f200000, 0x000000074f200000, 0x000000074f400000|  0%| F|  |TAMS 0x000000074f200000, 0x000000074f200000| Untracked 
| 134|0x000000074f400000, 0x000000074f400000, 0x000000074f600000|  0%| F|  |TAMS 0x000000074f400000, 0x000000074f400000| Untracked 
| 135|0x000000074f600000, 0x000000074f600000, 0x000000074f800000|  0%| F|  |TAMS 0x000000074f600000, 0x000000074f600000| Untracked 
| 136|0x000000074f800000, 0x000000074f800000, 0x000000074fa00000|  0%| F|  |TAMS 0x000000074f800000, 0x000000074f800000| Untracked 
| 137|0x000000074fa00000, 0x000000074fa00000, 0x000000074fc00000|  0%| F|  |TAMS 0x000000074fa00000, 0x000000074fa00000| Untracked 
| 138|0x000000074fc00000, 0x000000074fc00000, 0x000000074fe00000|  0%| F|  |TAMS 0x000000074fc00000, 0x000000074fc00000| Untracked 
| 139|0x000000074fe00000, 0x000000074fe00000, 0x0000000750000000|  0%| F|  |TAMS 0x000000074fe00000, 0x000000074fe00000| Untracked 
| 140|0x0000000750000000, 0x0000000750000000, 0x0000000750200000|  0%| F|  |TAMS 0x0000000750000000, 0x0000000750000000| Untracked 
| 141|0x0000000750200000, 0x0000000750200000, 0x0000000750400000|  0%| F|  |TAMS 0x0000000750200000, 0x0000000750200000| Untracked 

Card table byte_map: [0x000001d41e090000,0x000001d41e6a0000] _byte_map_base: 0x000001d41a69c000

Marking Bits (Prev, Next): (CMBitMap*) 0x000001d40b0ab1f0, (CMBitMap*) 0x000001d40b0ab1b0
 Prev Bits: [0x000001d421d10000, 0x000001d424d70000)
 Next Bits: [0x000001d41ecb0000, 0x000001d421d10000)

Polling page: 0x000001d408f70000

Metaspace:

Usage:
  Non-class:     48.99 MB used.
      Class:      7.63 MB used.
       Both:     56.62 MB used.

Virtual space:
  Non-class space:       64.00 MB reserved,      49.25 MB ( 77%) committed,  1 nodes.
      Class space:        1.00 GB reserved,       7.88 MB ( <1%) committed,  1 nodes.
             Both:        1.06 GB reserved,      57.12 MB (  5%) committed. 

Chunk freelists:
   Non-Class:  14.75 MB
       Class:  8.18 MB
        Both:  22.93 MB

MaxMetaspaceSize: unlimited
CompressedClassSpaceSize: 1.00 GB
Initial GC threshold: 21.00 MB
Current GC threshold: 86.06 MB
CDS: off
MetaspaceReclaimPolicy: balanced
 - commit_granule_bytes: 65536.
 - commit_granule_words: 8192.
 - virtual_space_node_default_size: 8388608.
 - enlarge_chunks_in_place: 1.
 - new_chunks_are_fully_committed: 0.
 - uncommit_free_chunks: 1.
 - use_allocation_guard: 0.
 - handle_deallocations: 1.


Internal statistics:

num_allocs_failed_limit: 6.
num_arena_births: 514.
num_arena_deaths: 0.
num_vsnodes_births: 2.
num_vsnodes_deaths: 0.
num_space_committed: 914.
num_space_uncommitted: 0.
num_chunks_returned_to_freelist: 6.
num_chunks_taken_from_freelist: 2424.
num_chunk_merges: 6.
num_chunk_splits: 1584.
num_chunks_enlarged: 1105.
num_inconsistent_stats: 0.

CodeHeap 'non-profiled nmethods': size=120000Kb used=5293Kb max_used=5293Kb free=114706Kb
 bounds [0x000001d415ff0000, 0x000001d416550000, 0x000001d41d520000]
CodeHeap 'profiled nmethods': size=120000Kb used=11453Kb max_used=12344Kb free=108546Kb
 bounds [0x000001d40e520000, 0x000001d40f140000, 0x000001d415a50000]
CodeHeap 'non-nmethods': size=5760Kb used=2329Kb max_used=2425Kb free=3431Kb
 bounds [0x000001d415a50000, 0x000001d415cc0000, 0x000001d415ff0000]
 total_blobs=6727 nmethods=5884 adapters=755
 compilation: enabled
              stopped_count=0, restarted_count=0
 full_count=0

Compilation events (20 events):
Event: 17.682 Thread 0x000001d430e50600 nmethod 7589 0x000001d416326290 code [0x000001d416326460, 0x000001d416326a10]
Event: 17.682 Thread 0x000001d430e50600 7590       4       org.objectweb.asm.tree.MethodNode::visitLocalVariable (40 bytes)
Event: 17.682 Thread 0x000001d427ae1510 7592       3       org.objectweb.asm.tree.MethodNode::visitIincInsn (17 bytes)
Event: 17.683 Thread 0x000001d427ae1510 nmethod 7592 0x000001d40ee9fc10 code [0x000001d40ee9fdc0, 0x000001d40eea00c8]
Event: 17.683 Thread 0x000001d427ae1510 7593       3       org.objectweb.asm.tree.IincInsnNode::<init> (18 bytes)
Event: 17.683 Thread 0x000001d427ae1510 nmethod 7593 0x000001d40ee72f10 code [0x000001d40ee730c0, 0x000001d40ee73298]
Event: 17.700 Thread 0x000001d430e50600 nmethod 7590 0x000001d416324410 code [0x000001d416324600, 0x000001d416325bb8]
Event: 17.700 Thread 0x000001d430e50600 7591       4       org.objectweb.asm.tree.LocalVariableNode::<init> (38 bytes)
Event: 17.703 Thread 0x000001d430e50600 nmethod 7591 0x000001d416323d10 code [0x000001d416323e80, 0x000001d416324398]
Event: 17.727 Thread 0x000001d427ae0650 nmethod 7558 0x000001d41652d210 code [0x000001d41652dc00, 0x000001d41653a970]
Event: 17.771 Thread 0x000001d427ae0650 7594       4       org.apache.commons.compress.archivers.zip.ZipArchiveEntry::setName (35 bytes)
Event: 17.772 Thread 0x000001d427ae0650 nmethod 7594 0x000001d416323710 code [0x000001d4163238a0, 0x000001d416323b68]
Event: 17.784 Thread 0x000001d427ae1510 7595       3       org.objectweb.asm.SymbolTable::addConstantClass (8 bytes)
Event: 17.784 Thread 0x000001d427ae1510 nmethod 7595 0x000001d40ecff010 code [0x000001d40ecff1a0, 0x000001d40ecff2e8]
Event: 17.792 Thread 0x000001d427ae0650 7596       4       org.objectweb.asm.SymbolTable::addConstantClass (8 bytes)
Event: 17.793 Thread 0x000001d427ae0650 nmethod 7596 0x000001d4163c2990 code [0x000001d4163c2b20, 0x000001d4163c2bc8]
Event: 17.805 Thread 0x000001d430e50600 7597       4       java.util.stream.Sink$ChainedReference::cancellationRequested (10 bytes)
Event: 17.805 Thread 0x000001d430e50600 nmethod 7597 0x000001d416323410 code [0x000001d416323580, 0x000001d416323618]
Event: 17.814 Thread 0x000001d427ae1510 7598       3       org.objectweb.asm.tree.Util::asArrayList (34 bytes)
Event: 17.814 Thread 0x000001d427ae1510 nmethod 7598 0x000001d40ebcea90 code [0x000001d40ebcec80, 0x000001d40ebcf2b8]

GC Heap History (20 events):
Event: 13.528 GC heap after
{Heap after GC invocations=32 (full 0):
 garbage-first heap   total 241664K, used 61197K [0x000000073e800000, 0x0000000800000000)
  region size 2048K, 2 young (4096K), 2 survivors (4096K)
 Metaspace       used 57380K, committed 57856K, reserved 1114112K
  class space    used 7766K, committed 8000K, reserved 1048576K
}
Event: 14.086 GC heap before
{Heap before GC invocations=32 (full 0):
 garbage-first heap   total 241664K, used 204557K [0x000000073e800000, 0x0000000800000000)
  region size 2048K, 70 young (143360K), 2 survivors (4096K)
 Metaspace       used 57595K, committed 58112K, reserved 1114112K
  class space    used 7777K, committed 8000K, reserved 1048576K
}
Event: 14.091 GC heap after
{Heap after GC invocations=33 (full 0):
 garbage-first heap   total 241664K, used 61776K [0x000000073e800000, 0x0000000800000000)
  region size 2048K, 2 young (4096K), 2 survivors (4096K)
 Metaspace       used 57595K, committed 58112K, reserved 1114112K
  class space    used 7777K, committed 8000K, reserved 1048576K
}
Event: 14.620 GC heap before
{Heap before GC invocations=33 (full 0):
 garbage-first heap   total 241664K, used 205136K [0x000000073e800000, 0x0000000800000000)
  region size 2048K, 70 young (143360K), 2 survivors (4096K)
 Metaspace       used 57919K, committed 58432K, reserved 1114112K
  class space    used 7808K, committed 8064K, reserved 1048576K
}
Event: 14.626 GC heap after
{Heap after GC invocations=34 (full 0):
 garbage-first heap   total 241664K, used 71022K [0x000000073e800000, 0x0000000800000000)
  region size 2048K, 4 young (8192K), 4 survivors (8192K)
 Metaspace       used 57919K, committed 58432K, reserved 1114112K
  class space    used 7808K, committed 8064K, reserved 1048576K
}
Event: 14.984 GC heap before
{Heap before GC invocations=34 (full 0):
 garbage-first heap   total 241664K, used 204142K [0x000000073e800000, 0x0000000800000000)
  region size 2048K, 69 young (141312K), 4 survivors (8192K)
 Metaspace       used 57956K, committed 58496K, reserved 1114112K
  class space    used 7811K, committed 8064K, reserved 1048576K
}
Event: 14.989 GC heap after
{Heap after GC invocations=35 (full 0):
 garbage-first heap   total 241664K, used 71530K [0x000000073e800000, 0x0000000800000000)
  region size 2048K, 4 young (8192K), 4 survivors (8192K)
 Metaspace       used 57956K, committed 58496K, reserved 1114112K
  class space    used 7811K, committed 8064K, reserved 1048576K
}
Event: 15.369 GC heap before
{Heap before GC invocations=35 (full 0):
 garbage-first heap   total 241664K, used 206698K [0x000000073e800000, 0x0000000800000000)
  region size 2048K, 70 young (143360K), 4 survivors (8192K)
 Metaspace       used 57956K, committed 58496K, reserved 1114112K
  class space    used 7811K, committed 8064K, reserved 1048576K
}
Event: 15.374 GC heap after
{Heap after GC invocations=36 (full 0):
 garbage-first heap   total 241664K, used 72607K [0x000000073e800000, 0x0000000800000000)
  region size 2048K, 5 young (10240K), 5 survivors (10240K)
 Metaspace       used 57956K, committed 58496K, reserved 1114112K
  class space    used 7811K, committed 8064K, reserved 1048576K
}
Event: 15.807 GC heap before
{Heap before GC invocations=36 (full 0):
 garbage-first heap   total 241664K, used 201631K [0x000000073e800000, 0x0000000800000000)
  region size 2048K, 69 young (141312K), 5 survivors (10240K)
 Metaspace       used 57961K, committed 58496K, reserved 1114112K
  class space    used 7811K, committed 8064K, reserved 1048576K
}
Event: 15.814 GC heap after
{Heap after GC invocations=37 (full 0):
 garbage-first heap   total 241664K, used 72678K [0x000000073e800000, 0x0000000800000000)
  region size 2048K, 5 young (10240K), 5 survivors (10240K)
 Metaspace       used 57961K, committed 58496K, reserved 1114112K
  class space    used 7811K, committed 8064K, reserved 1048576K
}
Event: 16.134 GC heap before
{Heap before GC invocations=37 (full 0):
 garbage-first heap   total 241664K, used 203750K [0x000000073e800000, 0x0000000800000000)
  region size 2048K, 69 young (141312K), 5 survivors (10240K)
 Metaspace       used 57967K, committed 58496K, reserved 1114112K
  class space    used 7811K, committed 8064K, reserved 1048576K
}
Event: 16.140 GC heap after
{Heap after GC invocations=38 (full 0):
 garbage-first heap   total 290816K, used 74653K [0x000000073e800000, 0x0000000800000000)
  region size 2048K, 6 young (12288K), 6 survivors (12288K)
 Metaspace       used 57967K, committed 58496K, reserved 1114112K
  class space    used 7811K, committed 8064K, reserved 1048576K
}
Event: 16.399 GC heap before
{Heap before GC invocations=38 (full 0):
 garbage-first heap   total 290816K, used 236445K [0x000000073e800000, 0x0000000800000000)
  region size 2048K, 85 young (174080K), 6 survivors (12288K)
 Metaspace       used 57968K, committed 58496K, reserved 1114112K
  class space    used 7811K, committed 8064K, reserved 1048576K
}
Event: 16.405 GC heap after
{Heap after GC invocations=39 (full 0):
 garbage-first heap   total 290816K, used 75529K [0x000000073e800000, 0x0000000800000000)
  region size 2048K, 6 young (12288K), 6 survivors (12288K)
 Metaspace       used 57968K, committed 58496K, reserved 1114112K
  class space    used 7811K, committed 8064K, reserved 1048576K
}
Event: 16.757 GC heap before
{Heap before GC invocations=39 (full 0):
 garbage-first heap   total 290816K, used 237321K [0x000000073e800000, 0x0000000800000000)
  region size 2048K, 85 young (174080K), 6 survivors (12288K)
 Metaspace       used 57971K, committed 58496K, reserved 1114112K
  class space    used 7811K, committed 8064K, reserved 1048576K
}
Event: 16.767 GC heap after
{Heap after GC invocations=40 (full 0):
 garbage-first heap   total 290816K, used 76645K [0x000000073e800000, 0x0000000800000000)
  region size 2048K, 6 young (12288K), 6 survivors (12288K)
 Metaspace       used 57971K, committed 58496K, reserved 1114112K
  class space    used 7811K, committed 8064K, reserved 1048576K
}
Event: 17.426 GC heap before
{Heap before GC invocations=40 (full 0):
 garbage-first heap   total 290816K, used 238437K [0x000000073e800000, 0x0000000800000000)
  region size 2048K, 85 young (174080K), 6 survivors (12288K)
 Metaspace       used 57972K, committed 58496K, reserved 1114112K
  class space    used 7811K, committed 8064K, reserved 1048576K
}
Event: 17.436 GC heap after
{Heap after GC invocations=41 (full 0):
 garbage-first heap   total 290816K, used 78613K [0x000000073e800000, 0x0000000800000000)
  region size 2048K, 6 young (12288K), 6 survivors (12288K)
 Metaspace       used 57972K, committed 58496K, reserved 1114112K
  class space    used 7811K, committed 8064K, reserved 1048576K
}
Event: 17.815 GC heap before
{Heap before GC invocations=41 (full 0):
 garbage-first heap   total 290816K, used 240405K [0x000000073e800000, 0x0000000800000000)
  region size 2048K, 85 young (174080K), 6 survivors (12288K)
 Metaspace       used 57974K, committed 58496K, reserved 1114112K
  class space    used 7811K, committed 8064K, reserved 1048576K
}

Dll operation events (3 events):
Event: 0.013 Loaded shared library C:\Program Files\Android\Android Studio\jbr\bin\java.dll
Event: 0.119 Loaded shared library C:\Program Files\Android\Android Studio\jbr\bin\zip.dll
Event: 0.405 Loaded shared library C:\Program Files\Android\Android Studio\jbr\bin\verify.dll

Deoptimization events (20 events):
Event: 16.544 Thread 0x000001d42f178420 DEOPT PACKING pc=0x000001d416173af0 sp=0x0000008fedafb570
Event: 16.544 Thread 0x000001d42f178420 DEOPT UNPACKING pc=0x000001d415aa69a3 sp=0x0000008fedafb548 mode 2
Event: 16.570 Thread 0x000001d42f178420 Uncommon trap: trap_request=0xffffff45 fr.pc=0x000001d4163fbc5c relative=0x0000000000007cdc
Event: 16.570 Thread 0x000001d42f178420 Uncommon trap: reason=unstable_if action=reinterpret pc=0x000001d4163fbc5c method=org.objectweb.asm.ClassReader.readCode(Lorg/objectweb/asm/MethodVisitor;Lorg/objectweb/asm/Context;I)V @ 1798 c2
Event: 16.570 Thread 0x000001d42f178420 DEOPT PACKING pc=0x000001d4163fbc5c sp=0x0000008fedafb680
Event: 16.570 Thread 0x000001d42f178420 DEOPT UNPACKING pc=0x000001d415aa69a3 sp=0x0000008fedafb608 mode 2
Event: 16.652 Thread 0x000001d42f178420 Uncommon trap: trap_request=0xffffffbe fr.pc=0x000001d416410a2c relative=0x000000000000620c
Event: 16.652 Thread 0x000001d42f178420 Uncommon trap: reason=profile_predicate action=maybe_recompile pc=0x000001d416410a2c method=org.objectweb.asm.ClassReader.readCode(Lorg/objectweb/asm/MethodVisitor;Lorg/objectweb/asm/Context;I)V @ 2186 c2
Event: 16.652 Thread 0x000001d42f178420 DEOPT PACKING pc=0x000001d416410a2c sp=0x0000008fedafb6a0
Event: 16.652 Thread 0x000001d42f178420 DEOPT UNPACKING pc=0x000001d415aa69a3 sp=0x0000008fedafb610 mode 2
Event: 17.212 Thread 0x000001d42f178420 DEOPT PACKING pc=0x000001d40f012172 sp=0x0000008fedafb490
Event: 17.212 Thread 0x000001d42f178420 DEOPT UNPACKING pc=0x000001d415aa7143 sp=0x0000008fedafad50 mode 0
Event: 17.465 Thread 0x000001d42f178420 Uncommon trap: trap_request=0xffffffe4 fr.pc=0x000001d4163b9e4c relative=0x00000000000019cc
Event: 17.465 Thread 0x000001d42f178420 Uncommon trap: reason=range_check action=make_not_entrant pc=0x000001d4163b9e4c method=org.objectweb.asm.ClassReader.readUnsignedShort(I)I @ 19 c2
Event: 17.465 Thread 0x000001d42f178420 DEOPT PACKING pc=0x000001d4163b9e4c sp=0x0000008fedafba00
Event: 17.465 Thread 0x000001d42f178420 DEOPT UNPACKING pc=0x000001d415aa69a3 sp=0x0000008fedafb900 mode 2
Event: 17.784 Thread 0x000001d42f178420 Uncommon trap: trap_request=0xffffff45 fr.pc=0x000001d4161cda64 relative=0x0000000000001ce4
Event: 17.784 Thread 0x000001d42f178420 Uncommon trap: reason=unstable_if action=reinterpret pc=0x000001d4161cda64 method=org.objectweb.asm.SymbolTable.addConstantUtf8(Ljava/lang/String;)I @ 40 c2
Event: 17.784 Thread 0x000001d42f178420 DEOPT PACKING pc=0x000001d4161cda64 sp=0x0000008fedafb6e0
Event: 17.784 Thread 0x000001d42f178420 DEOPT UNPACKING pc=0x000001d415aa69a3 sp=0x0000008fedafb5e8 mode 2

Classes unloaded (0 events):
No events

Classes redefined (0 events):
No events

Internal exceptions (20 events):
Event: 14.446 Thread 0x000001d42f179350 Exception <a 'sun/nio/fs/WindowsException'{0x000000074960b930}> (0x000000074960b930) 
thrown [s\src\hotspot\share\prims\jni.cpp, line 531]
Event: 14.455 Thread 0x000001d42cf8fc70 Exception <a 'sun/nio/fs/WindowsException'{0x000000074972c080}> (0x000000074972c080) 
thrown [s\src\hotspot\share\prims\jni.cpp, line 531]
Event: 14.456 Thread 0x000001d42f177a00 Exception <a 'sun/nio/fs/WindowsException'{0x0000000749499d48}> (0x0000000749499d48) 
thrown [s\src\hotspot\share\prims\jni.cpp, line 531]
Event: 14.456 Thread 0x000001d42f178420 Exception <a 'sun/nio/fs/WindowsException'{0x00000007499bc218}> (0x00000007499bc218) 
thrown [s\src\hotspot\share\prims\jni.cpp, line 531]
Event: 14.458 Thread 0x000001d42f179860 Exception <a 'sun/nio/fs/WindowsException'{0x0000000749526b88}> (0x0000000749526b88) 
thrown [s\src\hotspot\share\prims\jni.cpp, line 531]
Event: 14.465 Thread 0x000001d42f17ee70 Exception <a 'sun/nio/fs/WindowsException'{0x000000074940bea0}> (0x000000074940bea0) 
thrown [s\src\hotspot\share\prims\jni.cpp, line 531]
Event: 14.474 Thread 0x000001d432d6d340 Exception <a 'sun/nio/fs/WindowsException'{0x00000007490bb850}> (0x00000007490bb850) 
thrown [s\src\hotspot\share\prims\jni.cpp, line 531]
Event: 14.477 Thread 0x000001d432d6d340 Exception <a 'sun/nio/fs/WindowsException'{0x00000007490bbd70}> (0x00000007490bbd70) 
thrown [s\src\hotspot\share\prims\jni.cpp, line 531]
Event: 14.491 Thread 0x000001d42f17e960 Exception <a 'sun/nio/fs/WindowsException'{0x0000000749089050}> (0x0000000749089050) 
thrown [s\src\hotspot\share\prims\jni.cpp, line 531]
Event: 14.496 Thread 0x000001d42f17e960 Exception <a 'sun/nio/fs/WindowsException'{0x00000007490895f8}> (0x00000007490895f8) 
thrown [s\src\hotspot\share\prims\jni.cpp, line 531]
Event: 14.526 Thread 0x000001d42f177a00 Exception <a 'sun/nio/fs/WindowsException'{0x0000000747c8a870}> (0x0000000747c8a870) 
thrown [s\src\hotspot\share\prims\jni.cpp, line 531]
Event: 14.531 Thread 0x000001d42f177a00 Exception <a 'sun/nio/fs/WindowsException'{0x0000000747c8ae40}> (0x0000000747c8ae40) 
thrown [s\src\hotspot\share\prims\jni.cpp, line 531]
Event: 14.553 Thread 0x000001d42f179350 Exception <a 'sun/nio/fs/WindowsException'{0x0000000746ebec20}> (0x0000000746ebec20) 
thrown [s\src\hotspot\share\prims\jni.cpp, line 531]
Event: 14.557 Thread 0x000001d42f179350 Exception <a 'sun/nio/fs/WindowsException'{0x0000000746ebf0c8}> (0x0000000746ebf0c8) 
thrown [s\src\hotspot\share\prims\jni.cpp, line 531]
Event: 14.641 Thread 0x000001d42f179860 Exception <a 'sun/nio/fs/WindowsException'{0x000000074ce83160}> (0x000000074ce83160) 
thrown [s\src\hotspot\share\prims\jni.cpp, line 531]
Event: 14.647 Thread 0x000001d42f179860 Exception <a 'sun/nio/fs/WindowsException'{0x000000074ce83730}> (0x000000074ce83730) 
thrown [s\src\hotspot\share\prims\jni.cpp, line 531]
Event: 14.754 Thread 0x000001d42cf8fc70 Exception <a 'sun/nio/fs/WindowsException'{0x0000000749f53930}> (0x0000000749f53930) 
thrown [s\src\hotspot\share\prims\jni.cpp, line 531]
Event: 14.759 Thread 0x000001d42cf8fc70 Exception <a 'sun/nio/fs/WindowsException'{0x0000000749f53e18}> (0x0000000749f53e18) 
thrown [s\src\hotspot\share\prims\jni.cpp, line 531]
Event: 15.402 Thread 0x000001d42f17ee70 Exception <a 'sun/nio/fs/WindowsException'{0x000000074cb92400}> (0x000000074cb92400) 
thrown [s\src\hotspot\share\prims\jni.cpp, line 531]
Event: 15.413 Thread 0x000001d42f17ee70 Exception <a 'sun/nio/fs/WindowsException'{0x000000074cb92980}> (0x000000074cb92980) 
thrown [s\src\hotspot\share\prims\jni.cpp, line 531]

VM Operations (20 events):
Event: 15.053 Executing VM operation: HandshakeAllThreads done
Event: 15.365 Executing VM operation: HandshakeAllThreads
Event: 15.365 Executing VM operation: HandshakeAllThreads done
Event: 15.369 Executing VM operation: G1CollectForAllocation
Event: 15.374 Executing VM operation: G1CollectForAllocation done
Event: 15.400 Executing VM operation: HandshakeAllThreads
Event: 15.400 Executing VM operation: HandshakeAllThreads done
Event: 15.807 Executing VM operation: G1CollectForAllocation
Event: 15.814 Executing VM operation: G1CollectForAllocation done
Event: 16.133 Executing VM operation: G1CollectForAllocation
Event: 16.140 Executing VM operation: G1CollectForAllocation done
Event: 16.399 Executing VM operation: G1CollectForAllocation
Event: 16.406 Executing VM operation: G1CollectForAllocation done
Event: 16.570 Executing VM operation: HandshakeAllThreads
Event: 16.570 Executing VM operation: HandshakeAllThreads done
Event: 16.757 Executing VM operation: G1CollectForAllocation
Event: 16.767 Executing VM operation: G1CollectForAllocation done
Event: 17.425 Executing VM operation: G1CollectForAllocation
Event: 17.437 Executing VM operation: G1CollectForAllocation done
Event: 17.815 Executing VM operation: G1CollectForAllocation

Events (20 events):
Event: 15.413 Thread 0x000001d427ae2c50 flushing nmethod 0x000001d40efb7c90
Event: 15.413 Thread 0x000001d427ae2c50 flushing nmethod 0x000001d40efbca90
Event: 15.413 Thread 0x000001d427ae2c50 flushing nmethod 0x000001d40efc6690
Event: 15.413 Thread 0x000001d427ae2c50 flushing nmethod 0x000001d40efe8a10
Event: 15.413 Thread 0x000001d427ae2c50 flushing nmethod 0x000001d40f047690
Event: 15.413 Thread 0x000001d427ae2c50 flushing nmethod 0x000001d40f047e10
Event: 15.413 Thread 0x000001d427ae2c50 flushing nmethod 0x000001d40f048190
Event: 15.413 Thread 0x000001d427ae2c50 flushing nmethod 0x000001d40f04b910
Event: 15.413 Thread 0x000001d427ae2c50 flushing nmethod 0x000001d40f09d290
Event: 15.413 Thread 0x000001d427ae2c50 flushing nmethod 0x000001d40f0cab90
Event: 15.414 Thread 0x000001d427ae2c50 flushing nmethod 0x000001d40f0ed410
Event: 15.414 Thread 0x000001d427ae2c50 flushing nmethod 0x000001d40f108090
Event: 15.918 loading class jdk/internal/misc/ScopedMemoryAccess$Scope$Handle
Event: 15.918 loading class jdk/internal/misc/ScopedMemoryAccess$Scope$Handle done
Event: 16.446 Thread 0x000001d430e49bc0 Thread exited: 0x000001d430e49bc0
Event: 16.508 Thread 0x000001d430e49670 Thread exited: 0x000001d430e49670
Event: 16.578 Thread 0x000001d427ae2c50 flushing nmethod 0x000001d40f0fe990
Event: 16.622 Thread 0x000001d430e50600 Thread added: 0x000001d430e50600
Event: 16.775 Thread 0x000001d430e4db80 Thread added: 0x000001d430e4db80
Event: 17.675 Thread 0x000001d430e4db80 Thread exited: 0x000001d430e4db80


Dynamic libraries:
0x00007ff630ff0000 - 0x00007ff630ffa000 	C:\Program Files\Android\Android Studio\jbr\bin\java.exe
0x00007ffd82530000 - 0x00007ffd82747000 	C:\Windows\SYSTEM32\ntdll.dll
0x00007ffd81400000 - 0x00007ffd814c4000 	C:\Windows\System32\KERNEL32.DLL
0x00007ffd7f850000 - 0x00007ffd7fbfd000 	C:\Windows\System32\KERNELBASE.dll
0x00007ffd7fdf0000 - 0x00007ffd7ff01000 	C:\Windows\System32\ucrtbase.dll
0x00007ffd66020000 - 0x00007ffd6603b000 	C:\Program Files\Android\Android Studio\jbr\bin\VCRUNTIME140.dll
0x00007ffd665c0000 - 0x00007ffd665d7000 	C:\Program Files\Android\Android Studio\jbr\bin\jli.dll
0x00007ffd81ef0000 - 0x00007ffd8209e000 	C:\Windows\System32\USER32.dll
0x00007ffd7fc00000 - 0x00007ffd7fc26000 	C:\Windows\System32\win32u.dll
0x00007ffd5b110000 - 0x00007ffd5b3a3000 	C:\Windows\WinSxS\amd64_microsoft.windows.common-controls_6595b64144ccf1df_6.0.22621.3672_none_2713b9d173822955\COMCTL32.dll
0x00007ffd80380000 - 0x00007ffd803a9000 	C:\Windows\System32\GDI32.dll
0x00007ffd823c0000 - 0x00007ffd82467000 	C:\Windows\System32\msvcrt.dll
0x00007ffd7ffd0000 - 0x00007ffd800e9000 	C:\Windows\System32\gdi32full.dll
0x00007ffd7fc30000 - 0x00007ffd7fcca000 	C:\Windows\System32\msvcp_win.dll
0x00007ffd81550000 - 0x00007ffd81581000 	C:\Windows\System32\IMM32.DLL
0x00007ffd63a10000 - 0x00007ffd63a1c000 	C:\Program Files\Android\Android Studio\jbr\bin\vcruntime140_1.dll
0x00007ffd46590000 - 0x00007ffd4661d000 	C:\Program Files\Android\Android Studio\jbr\bin\msvcp140.dll
0x00007ffd25900000 - 0x00007ffd26583000 	C:\Program Files\Android\Android Studio\jbr\bin\server\jvm.dll
0x00007ffd820a0000 - 0x00007ffd82152000 	C:\Windows\System32\ADVAPI32.dll
0x00007ffd81b70000 - 0x00007ffd81c19000 	C:\Windows\System32\sechost.dll
0x00007ffd7fdc0000 - 0x00007ffd7fde8000 	C:\Windows\System32\bcrypt.dll
0x00007ffd80f50000 - 0x00007ffd81064000 	C:\Windows\System32\RPCRT4.dll
0x00007ffd7f660000 - 0x00007ffd7f6ad000 	C:\Windows\SYSTEM32\POWRPROF.dll
0x00007ffd45b20000 - 0x00007ffd45b29000 	C:\Windows\SYSTEM32\WSOCK32.dll
0x00007ffd814d0000 - 0x00007ffd81541000 	C:\Windows\System32\WS2_32.dll
0x00007ffd7b400000 - 0x00007ffd7b434000 	C:\Windows\SYSTEM32\WINMM.dll
0x00007ffd71d90000 - 0x00007ffd71d9a000 	C:\Windows\SYSTEM32\VERSION.dll
0x00007ffd7f540000 - 0x00007ffd7f553000 	C:\Windows\SYSTEM32\UMPDC.dll
0x00007ffd7e840000 - 0x00007ffd7e858000 	C:\Windows\SYSTEM32\kernel.appcore.dll
0x00007ffd7c570000 - 0x00007ffd7c57a000 	C:\Program Files\Android\Android Studio\jbr\bin\jimage.dll
0x00007ffd7d080000 - 0x00007ffd7d2b2000 	C:\Windows\SYSTEM32\DBGHELP.DLL
0x00007ffd81070000 - 0x00007ffd813fd000 	C:\Windows\System32\combase.dll
0x00007ffd81610000 - 0x00007ffd816e7000 	C:\Windows\System32\OLEAUT32.dll
0x00007ffd6d030000 - 0x00007ffd6d062000 	C:\Windows\SYSTEM32\dbgcore.DLL
0x00007ffd7fd40000 - 0x00007ffd7fdbb000 	C:\Windows\System32\bcryptPrimitives.dll
0x00007ffd76ca0000 - 0x00007ffd76cae000 	C:\Program Files\Android\Android Studio\jbr\bin\instrument.dll
0x00007ffd660a0000 - 0x00007ffd660c5000 	C:\Program Files\Android\Android Studio\jbr\bin\java.dll
0x00007ffd774b0000 - 0x00007ffd774c8000 	C:\Program Files\Android\Android Studio\jbr\bin\zip.dll
0x00007ffd806e0000 - 0x00007ffd80f48000 	C:\Windows\System32\SHELL32.dll
0x00007ffd7d750000 - 0x00007ffd7e04e000 	C:\Windows\SYSTEM32\windows.storage.dll
0x00007ffd7d610000 - 0x00007ffd7d74f000 	C:\Windows\SYSTEM32\wintypes.dll
0x00007ffd80280000 - 0x00007ffd80379000 	C:\Windows\System32\SHCORE.dll
0x00007ffd81c20000 - 0x00007ffd81c7e000 	C:\Windows\System32\shlwapi.dll
0x00007ffd7f780000 - 0x00007ffd7f7a1000 	C:\Windows\SYSTEM32\profapi.dll
0x00007ffd76ab0000 - 0x00007ffd76ac9000 	C:\Program Files\Android\Android Studio\jbr\bin\net.dll
0x00007ffd7b4e0000 - 0x00007ffd7b616000 	C:\Windows\SYSTEM32\WINHTTP.dll
0x00007ffd7eca0000 - 0x00007ffd7ed09000 	C:\Windows\system32\mswsock.dll
0x00007ffd71d50000 - 0x00007ffd71d66000 	C:\Program Files\Android\Android Studio\jbr\bin\nio.dll
0x00007ffd77590000 - 0x00007ffd775a0000 	C:\Program Files\Android\Android Studio\jbr\bin\verify.dll
0x00007ffd79850000 - 0x00007ffd79877000 	C:\Users\HP\.gradle\native\c067742578af261105cb4f569cf0c3c89f3d7b1fecec35dd04571415982c5e48\windows-amd64\native-platform.dll
0x00007ffd37f30000 - 0x00007ffd38074000 	C:\Users\HP\.gradle\native\38dada09dfb8b06ba9b0570ebf7e218e3eb74d4ef43ca46872605cf95ebc2f47\windows-amd64\native-platform-file-events.dll
0x00007ffd7a7c0000 - 0x00007ffd7a7c9000 	C:\Program Files\Android\Android Studio\jbr\bin\management.dll
0x00007ffd775f0000 - 0x00007ffd775fb000 	C:\Program Files\Android\Android Studio\jbr\bin\management_ext.dll
0x00007ffd81590000 - 0x00007ffd81598000 	C:\Windows\System32\PSAPI.DLL
0x00007ffd7eff0000 - 0x00007ffd7f00b000 	C:\Windows\SYSTEM32\CRYPTSP.dll
0x00007ffd7e7a0000 - 0x00007ffd7e7d5000 	C:\Windows\system32\rsaenh.dll
0x00007ffd7ed40000 - 0x00007ffd7ed68000 	C:\Windows\SYSTEM32\USERENV.dll
0x00007ffd7efd0000 - 0x00007ffd7efdc000 	C:\Windows\SYSTEM32\CRYPTBASE.dll
0x00007ffd7e2f0000 - 0x00007ffd7e31d000 	C:\Windows\SYSTEM32\IPHLPAPI.DLL
0x00007ffd81c80000 - 0x00007ffd81c89000 	C:\Windows\System32\NSI.dll
0x00007ffd7b2f0000 - 0x00007ffd7b309000 	C:\Windows\SYSTEM32\dhcpcsvc6.DLL
0x00007ffd7b2d0000 - 0x00007ffd7b2ef000 	C:\Windows\SYSTEM32\dhcpcsvc.DLL
0x00007ffd7e320000 - 0x00007ffd7e418000 	C:\Windows\SYSTEM32\DNSAPI.dll
0x00007ffd7b240000 - 0x00007ffd7b249000 	C:\Program Files\Android\Android Studio\jbr\bin\extnet.dll
0x00007ffd41a90000 - 0x00007ffd41a98000 	C:\Windows\system32\wshunix.dll
0x00007ffd7e860000 - 0x00007ffd7e894000 	C:\Windows\SYSTEM32\ntmarta.dll

dbghelp: loaded successfully - version: 4.0.5 - missing functions: none
symbol engine: initialized successfully - sym options: 0x614 - pdb path: .;C:\Program Files\Android\Android Studio\jbr\bin;C:\Windows\SYSTEM32;C:\Windows\WinSxS\amd64_microsoft.windows.common-controls_6595b64144ccf1df_6.0.22621.3672_none_2713b9d173822955;C:\Program Files\Android\Android Studio\jbr\bin\server;C:\Users\HP\.gradle\native\c067742578af261105cb4f569cf0c3c89f3d7b1fecec35dd04571415982c5e48\windows-amd64;C:\Users\HP\.gradle\native\38dada09dfb8b06ba9b0570ebf7e218e3eb74d4ef43ca46872605cf95ebc2f47\windows-amd64

VM Arguments:
jvm_args: --add-opens=java.base/java.util=ALL-UNNAMED --add-opens=java.base/java.lang=ALL-UNNAMED --add-opens=java.base/java.lang.invoke=ALL-UNNAMED --add-opens=java.prefs/java.util.prefs=ALL-UNNAMED --add-opens=java.base/java.nio.charset=ALL-UNNAMED --add-opens=java.base/java.net=ALL-UNNAMED --add-opens=java.base/java.util.concurrent.atomic=ALL-UNNAMED -Xmx3096m -Dfile.encoding=windows-1252 -Duser.country=US -Duser.language=en -Duser.variant -javaagent:C:\Users\HP\.gradle\wrapper\dists\gradle-8.7-bin\bhs2wmbdwecv87pi65oeuq5iu\gradle-8.7\lib\agents\gradle-instrumentation-agent-8.7.jar 
java_command: org.gradle.launcher.daemon.bootstrap.GradleDaemon 8.7
java_class_path (initial): C:\Users\HP\.gradle\wrapper\dists\gradle-8.7-bin\bhs2wmbdwecv87pi65oeuq5iu\gradle-8.7\lib\gradle-launcher-8.7.jar
Launcher Type: SUN_STANDARD

[Global flags]
     intx CICompilerCount                          = 4                                         {product} {ergonomic}
     uint ConcGCThreads                            = 3                                         {product} {ergonomic}
     uint G1ConcRefinementThreads                  = 10                                        {product} {ergonomic}
   size_t G1HeapRegionSize                         = 2097152                                   {product} {ergonomic}
    uintx GCDrainStackTargetSize                   = 64                                        {product} {ergonomic}
   size_t InitialHeapSize                          = 264241152                                 {product} {ergonomic}
   size_t MarkStackSize                            = 4194304                                   {product} {ergonomic}
   size_t MaxHeapSize                              = 3246391296                                {product} {command line}
   size_t MaxNewSize                               = 1946157056                                {product} {ergonomic}
   size_t MinHeapDeltaBytes                        = 2097152                                   {product} {ergonomic}
   size_t MinHeapSize                              = 8388608                                   {product} {ergonomic}
    uintx NonNMethodCodeHeapSize                   = 5839372                                {pd product} {ergonomic}
    uintx NonProfiledCodeHeapSize                  = 122909434                              {pd product} {ergonomic}
    uintx ProfiledCodeHeapSize                     = 122909434                              {pd product} {ergonomic}
    uintx ReservedCodeCacheSize                    = 251658240                              {pd product} {ergonomic}
     bool SegmentedCodeCache                       = true                                      {product} {ergonomic}
   size_t SoftMaxHeapSize                          = 3246391296                             {manageable} {ergonomic}
     bool UseCompressedClassPointers               = true                           {product lp64_product} {ergonomic}
     bool UseCompressedOops                        = true                           {product lp64_product} {ergonomic}
     bool UseG1GC                                  = true                                      {product} {ergonomic}
     bool UseLargePagesIndividualAllocation        = false                                  {pd product} {ergonomic}

Logging:
Log output configuration:
 #0: stdout all=warning uptime,level,tags
 #1: stderr all=off uptime,level,tags

Environment Variables:
JAVA_HOME=C:\Program Files\Eclipse Adoptium\jdk-21.0.2.13-hotspot\
PATH=C:\Program Files\Common Files\Oracle\Java\javapath;C:\Program Files\Eclipse Adoptium\jdk-21.0.2.13-hotspot\bin;C:\app\HP\product\11.1.0\client_1\bin;C:\Windows\system32;C:\Windows;C:\Windows\System32\Wbem;C:\Windows\System32\WindowsPowerShell\v1.0\;C:\Windows\System32\OpenSSH\;C:\Program Files\TortoiseSVN\bin;C:\Program Files (x86)\Sybase\SQL Anywhere 9\win32;C:\Program Files (x86)\Sybase\Shared\win32;C:\Program Files (x86)\Sybase\SQL Anywhere 9\drivers;C:\Program Files (x86)\Sybase\Shared\Sybase Central 4.3\win32;C:\Program Files (x86)\Sybase\Shared\PowerBuilder;C:\Program Files (x86)\Sybase\Shared\Web Targets;C:\Program Files (x86)\Sybase\Adaptive Server Anywhere 6.0\win32;C:\Program Files\Git\cmd;C:\Program Files (x86)\nodejs\;C:\Program Files\PuTTY\;C:\Users\HP\Documents\Code\flutter\bin;C:\Users\HP\Documents\Code\firebase-tools-instant-win;C:\Program Files (x86)\Windows Kits\10\Windows Performance Toolkit\;C:\platform-tools\;C:\php-8.3.8-x64\;C:\ProgramData\ComposerSetup\bin;C:\xampp\;C:\Oracle Instant Client Windows x64\instantclient_23_4\;C:\Program Files\CMake\bin;C:\Users\HP\.pixi\bin;C:\Users\HP\AppData\Local\Programs\Python\Python39\Scripts\;C:\Users\HP\AppData\Local\Programs\Python\Python39\;C:\Users\HP\.console-ninja\.bin;C:\Users\HP\AppData\Local\Microsoft\WindowsApps;C:\Users\HP\AppData\Local\Programs\Microsoft VS Code\bin;C:\Users\HP\AppData\Local\GitHubDesktop\bin;C:\Users\HP\AppData\Local\Pub\Cache\bin;C:\Users\HP\Documents\Code\flutter\bin;C:\Users\HP\Documents\Code\firebase-tools-instant-win;C:\platform-tools\;C:\Users\HP\AppData\Roaming\Composer\vendor\bin;C:\php-8.3.8-x64\;C:\xampp\;C:\Users\HP\AppData\Local\Programs\mongosh\;C:\Oracle Instant Client Windows x64\instantclient_23_4\;
USERNAME=HP
OS=Windows_NT
PROCESSOR_IDENTIFIER=Intel64 Family 6 Model 186 Stepping 3, GenuineIntel
TMP=C:\Users\HP\AppData\Local\Temp
TEMP=C:\Users\HP\AppData\Local\Temp



Periodic native trim disabled

JNI global refs:
JNI global refs: 27, weak refs: 0

JNI global refs memory usage: 843, weak refs: 841

Process memory usage:
Resident Set Size: 504528K (3% of 16400704K total physical memory with 1670332K free physical memory)

OOME stack traces (most recent first):
Classloader memory used:
Loader org.gradle.internal.classloader.VisitableURLClassLoader                         : 3824K
Loader bootstrap                                                                       : 2453K
Loader org.gradle.initialization.MixInLegacyTypesClassLoader                           : 749K
Loader org.gradle.internal.classloader.VisitableURLClassLoader                         : 88255B
Loader jdk.internal.loader.ClassLoaders$PlatformClassLoader                            : 65502B
Loader jdk.internal.loader.ClassLoaders$AppClassLoader                                 : 28747B
Loader jdk.internal.reflect.DelegatingClassLoader                                      : 27536B
Loader org.gradle.groovy.scripts.internal.DefaultScriptCompilationHandler$ScriptClassLoader: 8596B
Loader groovy.lang.GroovyClassLoader$InnerLoader                                       : 4908B
Loader org.codehaus.groovy.runtime.callsite.CallSiteClassLoader                        : 876B

Classes loaded by more than one classloader:
Class _BuildScript_                                                                   : loaded 4 times (x 171B)
Class _BuildScript_$_run_closure1                                                     : loaded 4 times (x 130B)
Class org.gradle.api.GradleException                                                  : loaded 3 times (x 80B)
Class org.gradle.api.internal.classpath.DefaultModuleRegistry                         : loaded 2 times (x 84B)
Class org.gradle.internal.exceptions.NonGradleCauseExceptionsHolder                   : loaded 2 times (x 68B)
Class org.gradle.api.Action                                                           : loaded 2 times (x 68B)
Class org.gradle.api.internal.DefaultClassPathProvider                                : loaded 2 times (x 74B)
Class org.gradle.internal.installation.GradleInstallation$1                           : loaded 2 times (x 73B)
Class org.gradle.internal.exceptions.DefaultMultiCauseException                       : loaded 2 times (x 93B)
Class org.gradle.internal.classpath.ClassPath                                         : loaded 2 times (x 68B)
Class org.gradle.internal.classloader.FilteringClassLoader                            : loaded 2 times (x 103B)
Class sync_studio_tooling6_9kxmo07ahv5hpf6dtg4m1g3br$_run_closure1                    : loaded 2 times (x 137B)
Class org.gradle.internal.classpath.DefaultClassPath$ImmutableUniqueList$Builder      : loaded 2 times (x 73B)
Class kotlin.UninitializedPropertyAccessException                                     : loaded 2 times (x 80B)
Class org.gradle.internal.classloader.ClassLoaderVisitor                              : loaded 2 times (x 74B)
Class org.gradle.util.GradleVersion                                                   : loaded 2 times (x 81B)
Class org.gradle.internal.time.DefaultCountdownTimer                                  : loaded 2 times (x 86B)
Class org.gradle.internal.time.MonotonicClock                                         : loaded 2 times (x 75B)
Class org.gradle.internal.service.DefaultServiceLocator                               : loaded 2 times (x 81B)
Class org.gradle.internal.service.UnknownServiceException                             : loaded 2 times (x 81B)
Class sync_studio_tooling6_9kxmo07ahv5hpf6dtg4m1g3br                                  : loaded 2 times (x 177B)
Class org.gradle.internal.classloader.DefaultClassLoaderFactory                       : loaded 2 times (x 80B)
Class org.gradle.internal.classloader.VisitableURLClassLoader$Spec                    : loaded 2 times (x 72B)
Class org.gradle.tooling.model.ProjectModel                                           : loaded 2 times (x 68B)
Class org.gradle.internal.installation.GradleInstallation                             : loaded 2 times (x 73B)
Class org.gradle.api.internal.classpath.ModuleRegistry                                : loaded 2 times (x 68B)
Class org.gradle.api.internal.ClassPathProvider                                       : loaded 2 times (x 68B)
Class org.gradle.internal.classloader.ClasspathUtil$1                                 : loaded 2 times (x 74B)
Class org.gradle.internal.classloader.ClassLoaderFactory                              : loaded 2 times (x 68B)
Class org.gradle.api.internal.classpath.ManifestUtil                                  : loaded 2 times (x 69B)
Class org.gradle.api.specs.Spec                                                       : loaded 2 times (x 68B)
Class kotlin.jvm.internal.Intrinsics                                                  : loaded 2 times (x 69B)
Class org.gradle.internal.IoActions                                                   : loaded 2 times (x 69B)
Class org.gradle.api.internal.classpath.EffectiveClassPath                            : loaded 2 times (x 88B)
Class org.gradle.internal.exceptions.ResolutionProvider                               : loaded 2 times (x 68B)
Class org.gradle.internal.installation.CurrentGradleInstallation                      : loaded 2 times (x 71B)
Class org.gradle.internal.agents.InstrumentingClassLoader                             : loaded 2 times (x 68B)
Class org.gradle.internal.installation.CurrentGradleInstallationLocator               : loaded 2 times (x 69B)
Class org.gradle.api.internal.classpath.Module                                        : loaded 2 times (x 68B)
Class org.gradle.internal.service.CachingServiceLocator                               : loaded 2 times (x 80B)
Class org.gradle.internal.time.Timer                                                  : loaded 2 times (x 68B)
Class org.gradle.internal.classpath.DefaultClassPath                                  : loaded 2 times (x 88B)
Class org.gradle.internal.time.Time                                                   : loaded 2 times (x 69B)
Class org.gradle.internal.time.TimeSource$1                                           : loaded 2 times (x 75B)
Class kotlin.KotlinNullPointerException                                               : loaded 2 times (x 81B)
Class org.gradle.internal.classloader.SystemClassLoaderSpec                           : loaded 2 times (x 69B)
Class kotlin.Function                                                                 : loaded 2 times (x 68B)
Class org.gradle.api.UncheckedIOException                                             : loaded 2 times (x 80B)
Class org.gradle.internal.time.CountdownTimer                                         : loaded 2 times (x 68B)
Class org.gradle.internal.time.Clock                                                  : loaded 2 times (x 68B)
Class org.gradle.internal.classloader.ClasspathUtil                                   : loaded 2 times (x 69B)
Class org.gradle.api.internal.DefaultClassPathRegistry                                : loaded 2 times (x 74B)
Class org.gradle.api.internal.classpath.DefaultModuleRegistry$DefaultModule           : loaded 2 times (x 84B)
Class org.gradle.internal.time.TimeSource                                             : loaded 2 times (x 68B)
Class org.gradle.api.internal.classpath.UnknownModuleException                        : loaded 2 times (x 80B)
Class org.gradle.internal.service.ServiceLookupException                              : loaded 2 times (x 80B)
Class org.gradle.cache.GlobalCache                                                    : loaded 2 times (x 68B)
Class [Lorg.gradle.api.internal.ClassPathProvider;                                    : loaded 2 times (x 67B)
Class org.gradle.internal.operations.MultipleBuildOperationFailures                   : loaded 2 times (x 93B)
Class org.gradle.util.internal.GUtil                                                  : loaded 2 times (x 69B)
Class org.gradle.internal.classloader.ClassLoaderSpec                                 : loaded 2 times (x 69B)
Class _BuildScript_$_run_closure1$_closure2                                           : loaded 2 times (x 130B)
Class org.gradle.internal.classloader.VisitableURLClassLoader                         : loaded 2 times (x 115B)
Class org.gradle.internal.Cast                                                        : loaded 2 times (x 69B)
Class org.gradle.api.internal.ClassPathRegistry                                       : loaded 2 times (x 68B)
Class org.gradle.internal.classloader.VisitableURLClassLoader$InstrumentingVisitableURLClassLoader: loaded 2 times (x 121B)
Class org.gradle.internal.classloader.ClassLoaderHierarchy                            : loaded 2 times (x 68B)
Class org.gradle.internal.exceptions.MultiCauseException                              : loaded 2 times (x 68B)
Class org.gradle.internal.InternalTransformer                                         : loaded 2 times (x 68B)
Class org.gradle.internal.service.ServiceLocator                                      : loaded 2 times (x 68B)
Class org.gradle.internal.classpath.DefaultClassPath$ImmutableUniqueList              : loaded 2 times (x 159B)
Class org.gradle.internal.time.DefaultTimer                                           : loaded 2 times (x 78B)
Class org.gradle.internal.classpath.TransformedClassPath                              : loaded 2 times (x 94B)


---------------  S Y S T E M  ---------------

OS:
 Windows 11 , 64 bit Build 22621 (10.0.22621.3958)
OS uptime: 2 days 7:11 hours
Hyper-V role detected

CPU: total 12 (initial active 12) (6 cores per cpu, 2 threads per core) family 6 model 186 stepping 3 microcode 0x411d, cx8, cmov, fxsr, ht, mmx, 3dnowpref, sse, sse2, sse3, ssse3, sse4.1, sse4.2, popcnt, lzcnt, tsc, tscinvbit, avx, avx2, aes, erms, clmul, bmi1, bmi2, adx, sha, fma, vzeroupper, clflush, clflushopt, clwb, hv
Processor Information for processor 0
  Max Mhz: 1300, Current Mhz: 1300, Mhz Limit: 1300
Processor Information for processor 1
  Max Mhz: 1300, Current Mhz: 1300, Mhz Limit: 1300
Processor Information for processor 2
  Max Mhz: 1300, Current Mhz: 1300, Mhz Limit: 1300
Processor Information for processor 3
  Max Mhz: 1300, Current Mhz: 1300, Mhz Limit: 1300
Processor Information for processor 4
  Max Mhz: 1300, Current Mhz: 900, Mhz Limit: 897
Processor Information for processor 5
  Max Mhz: 1300, Current Mhz: 900, Mhz Limit: 897
Processor Information for processor 6
  Max Mhz: 1300, Current Mhz: 900, Mhz Limit: 897
Processor Information for processor 7
  Max Mhz: 1300, Current Mhz: 900, Mhz Limit: 897
Processor Information for processor 8
  Max Mhz: 1300, Current Mhz: 900, Mhz Limit: 897
Processor Information for processor 9
  Max Mhz: 1300, Current Mhz: 900, Mhz Limit: 897
Processor Information for processor 10
  Max Mhz: 1300, Current Mhz: 900, Mhz Limit: 897
Processor Information for processor 11
  Max Mhz: 1300, Current Mhz: 900, Mhz Limit: 897

Memory: 4k page, system-wide physical 16016M (1631M free)
TotalPageFile size 65168M (AvailPageFile size 60M)
current process WorkingSet (physical memory assigned to process): 493M, peak: 514M
current process commit charge ("private bytes"): 535M, peak: 593M

vm_info: OpenJDK 64-Bit Server VM (17.0.11+0--11852314) for windows-amd64 JRE (17.0.11+0--11852314), built on May 16 2024 21:29:20 by "androidbuild" with MS VC++ 16.10 / 16.11 (VS2019)

END.
